Starting tidyquant_ai as anshu
/home/anshu/tidyquant_sample/deplyment/tidyquant_gunicorn_service: line 16: Source: command not found
[2020-09-29 13:40:33 +0530] [20306] [INFO] Starting gunicorn 20.0.4
[2020-09-29 13:40:33 +0530] [20306] [INFO] Listening at: http://127.0.0.1:8000 (20306)
[2020-09-29 13:40:33 +0530] [20306] [INFO] Using worker: sync
[2020-09-29 13:40:33 +0530] [20311] [INFO] Booting worker with pid: 20311
Not Found: /static/js/app.js
Not Found: /static/js/app.js
[2020-09-29 13:43:40 +0530] [20306] [INFO] Handling signal: term
[2020-09-29 08:13:40 +0000] [20311] [INFO] Worker exiting (pid: 20311)
[2020-09-29 13:43:40 +0530] [20306] [INFO] Shutting down: Master
Starting tidyquant_ai as anshu
/home/anshu/tidyquant_sample/deplyment/tidyquant_gunicorn_service: line 16: Source: command not found
[2020-09-29 13:45:37 +0530] [21035] [INFO] Starting gunicorn 20.0.4
[2020-09-29 13:45:37 +0530] [21035] [INFO] Listening at: http://127.0.0.1:8000 (21035)
[2020-09-29 13:45:37 +0530] [21035] [INFO] Using worker: sync
[2020-09-29 13:45:37 +0530] [21040] [INFO] Booting worker with pid: 21040
Not Found: /static/js/app.js
Not Found: /static/js/app.js
Not Found: /static/js/app.js
Not Found: /static/js/app.js
[2020-09-29 13:51:08 +0530] [21035] [CRITICAL] WORKER TIMEOUT (pid:21040)
[2020-09-29 08:21:08 +0000] [21040] [INFO] Worker exiting (pid: 21040)
[2020-09-29 13:51:08 +0530] [21192] [INFO] Booting worker with pid: 21192
[2020-09-29 13:51:26 +0530] [21035] [INFO] Handling signal: term
Starting tidyquant_ai as anshu
/home/anshu/tidyquant_sample/deplyment/tidyquant_gunicorn_service: line 16: Source: command not found
[2020-09-29 14:54:58 +0530] [24835] [INFO] Starting gunicorn 20.0.4
[2020-09-29 14:54:58 +0530] [24835] [INFO] Listening at: http://127.0.0.1:8000 (24835)
[2020-09-29 14:54:58 +0530] [24835] [INFO] Using worker: sync
[2020-09-29 14:54:58 +0530] [24840] [INFO] Booting worker with pid: 24840
Not Found: /static/js/app.js
Not Found: /static/js/app.js
[2020-09-29 09:56:39 +0000] [24840] [INFO] Worker exiting (pid: 24840)
[2020-09-29 15:26:39 +0530] [24835] [INFO] Handling signal: term
[2020-09-29 15:26:39 +0530] [24835] [INFO] Shutting down: Master
Starting tidyquant_ai as anshu
/home/anshu/tidyquant_sample/deplyment/tidyquant_gunicorn_service: line 16: Source: command not found
[2020-09-29 15:27:42 +0530] [26232] [INFO] Starting gunicorn 20.0.4
[2020-09-29 15:27:42 +0530] [26232] [INFO] Listening at: http://127.0.0.1:8000 (26232)
[2020-09-29 15:27:42 +0530] [26232] [INFO] Using worker: sync
[2020-09-29 15:27:42 +0530] [26237] [INFO] Booting worker with pid: 26237
[2020-09-29 15:34:29 +0530] [26232] [INFO] Handling signal: term
[2020-09-29 10:04:29 +0000] [26237] [INFO] Worker exiting (pid: 26237)
[2020-09-29 15:34:29 +0530] [26232] [INFO] Shutting down: Master
Starting tidyquant_ai as anshu
/home/anshu/tidyquant_sample/deplyment/tidyquant_gunicorn_service: line 16: Source: command not found
[2020-09-29 15:34:30 +0530] [26463] [INFO] Starting gunicorn 20.0.4
[2020-09-29 15:34:30 +0530] [26463] [INFO] Listening at: http://127.0.0.1:8000 (26463)
[2020-09-29 15:34:30 +0530] [26463] [INFO] Using worker: sync
[2020-09-29 15:34:30 +0530] [26468] [INFO] Booting worker with pid: 26468
[2020-09-29 15:48:31 +0530] [26463] [INFO] Handling signal: term
[2020-09-29 10:18:31 +0000] [26468] [INFO] Worker exiting (pid: 26468)
[2020-09-29 15:48:31 +0530] [26463] [INFO] Shutting down: Master
Starting tidyquant_ai_app as anshu
/home/anshu/tidyquant_sample/deplyment/tidyquant_gunicorn_service.bash: line 16: Source: command not found
[2020-09-29 16:20:49 +0530] [28256] [INFO] Starting gunicorn 20.0.4
[2020-09-29 16:20:49 +0530] [28256] [INFO] Listening at: http://127.0.0.1:8000 (28256)
[2020-09-29 16:20:49 +0530] [28256] [INFO] Using worker: sync
[2020-09-29 16:20:49 +0530] [28262] [INFO] Booting worker with pid: 28262
Not Found: /static/js/app.js
Not Found: /static/js/app.js
Not Found: /
[2020-09-29 16:21:40 +0530] [28256] [CRITICAL] WORKER TIMEOUT (pid:28262)
[2020-09-29 10:51:40 +0000] [28262] [INFO] Worker exiting (pid: 28262)
[2020-09-29 16:21:40 +0530] [28337] [INFO] Booting worker with pid: 28337
[2020-09-29 16:22:11 +0530] [28256] [CRITICAL] WORKER TIMEOUT (pid:28337)
[2020-09-29 10:52:11 +0000] [28337] [INFO] Worker exiting (pid: 28337)
[2020-09-29 16:22:12 +0530] [28414] [INFO] Booting worker with pid: 28414
Not Found: /
Not Found: /
Not Found: /
Not Found: /
Not Found: /
Not Found: /
Not Found: /
[2020-09-29 16:23:32 +0530] [28256] [INFO] Handling signal: term
[2020-09-29 10:53:32 +0000] [28414] [INFO] Worker exiting (pid: 28414)
[2020-09-29 16:23:32 +0530] [28256] [INFO] Shutting down: Master
Starting tidyquant_ai_app as anshu
/home/anshu/tidyquant_sample/deplyment/tidyquant_gunicorn_service.bash: line 16: Source: command not found
[2020-09-29 16:23:33 +0530] [28485] [INFO] Starting gunicorn 20.0.4
[2020-09-29 16:23:33 +0530] [28485] [INFO] Listening at: http://127.0.0.1:8000 (28485)
[2020-09-29 16:23:33 +0530] [28485] [INFO] Using worker: sync
[2020-09-29 16:23:33 +0530] [28489] [INFO] Booting worker with pid: 28489
Not Found: /
Not Found: /
Not Found: /
Not Found: /
Not Found: /
Not Found: /
Not Found: /
Not Found: /
[2020-09-29 16:24:10 +0530] [28485] [INFO] Handling signal: term
[2020-09-29 10:54:10 +0000] [28489] [INFO] Worker exiting (pid: 28489)
[2020-09-29 16:24:10 +0530] [28485] [INFO] Shutting down: Master
Starting tidyquant_ai_app as anshu
/home/anshu/tidyquant_sample/deplyment/tidyquant_gunicorn_service.bash: line 16: Source: command not found
[2020-09-29 16:24:11 +0530] [28567] [INFO] Starting gunicorn 20.0.4
[2020-09-29 16:24:11 +0530] [28567] [INFO] Listening at: http://127.0.0.1:8000 (28567)
[2020-09-29 16:24:11 +0530] [28567] [INFO] Using worker: sync
[2020-09-29 16:24:11 +0530] [28571] [INFO] Booting worker with pid: 28571
[2020-09-29 16:36:59 +0530] [28567] [INFO] Handling signal: term
[2020-09-29 11:06:59 +0000] [28571] [INFO] Worker exiting (pid: 28571)
[2020-09-29 16:36:59 +0530] [28567] [INFO] Shutting down: Master
Starting tidyquant_ai_app as anshu
/home/anshu/tidyquant_sample/deplyment/tidyquant_gunicorn_service.bash: line 16: Source: command not found
[2020-09-29 16:37:01 +0530] [28877] [INFO] Starting gunicorn 20.0.4
[2020-09-29 16:37:01 +0530] [28877] [INFO] Listening at: http://127.0.0.1:8000 (28877)
[2020-09-29 16:37:01 +0530] [28877] [INFO] Using worker: sync
[2020-09-29 16:37:01 +0530] [28881] [INFO] Booting worker with pid: 28881
[2020-09-29 16:39:21 +0530] [28877] [INFO] Handling signal: term
[2020-09-29 11:09:21 +0000] [28881] [INFO] Worker exiting (pid: 28881)
[2020-09-29 16:39:21 +0530] [28877] [INFO] Shutting down: Master
Starting tidyquant_ai_app as anshu
/home/anshu/tidyquant_sample/deplyment/tidyquant_gunicorn_service.bash: line 16: Source: command not found
[2020-09-29 16:39:22 +0530] [29143] [INFO] Starting gunicorn 20.0.4
[2020-09-29 16:39:22 +0530] [29143] [INFO] Listening at: http://127.0.0.1:8000 (29143)
[2020-09-29 16:39:22 +0530] [29143] [INFO] Using worker: sync
[2020-09-29 16:39:22 +0530] [29147] [INFO] Booting worker with pid: 29147
Not Found: /home/
Not Found: /static/js/app.js
